<?xml version="1.0" encoding="UTF-8"?>
<!-- Generated by org.testng.reporters.JUnitReportReporter -->
<testsuite hostname="DESKTOP-IP80BGQ" failures="0" tests="1" name="MyTests.Testcases" time="0.014" errors="0" timestamp="2022-03-19T14:24:55 IST" skipped="0">
  <testcase classname="MyTests.Testcases" name="test1" time="0.014"/>
  <system-out/>
</testsuite> <!-- MyTests.Testcases -->
